{"/container/workspace/repocitory-code/index.js":{"path":"/container/workspace/repocitory-code/index.js","s":{"1":1,"2":1,"3":1,"4":1,"5":1,"6":1,"7":1,"8":1,"9":1,"10":1,"11":11,"12":45,"13":1,"14":1,"15":11,"16":11,"17":11,"18":1,"19":1,"20":4},"b":{"1":[4,2]},"f":{"1":1,"2":11,"3":45,"4":1,"5":11,"6":1,"7":4},"fnMap":{"1":{"name":"_extends","line":12,"loc":{"start":{"line":12,"column":0},"end":{"line":12,"column":37}}},"2":{"name":"_comparator","line":16,"loc":{"start":{"line":16,"column":0},"end":{"line":16,"column":34}}},"3":{"name":"(anonymous_3)","line":17,"loc":{"start":{"line":17,"column":9},"end":{"line":17,"column":28}}},"4":{"name":"createIsFunctions","line":22,"loc":{"start":{"line":22,"column":0},"end":{"line":22,"column":38}}},"5":{"name":"(anonymous_5)","line":23,"loc":{"start":{"line":23,"column":9},"end":{"line":23,"column":33}}},"6":{"name":"createIsArrow","line":30,"loc":{"start":{"line":30,"column":0},"end":{"line":30,"column":30}}},"7":{"name":"(anonymous_7)","line":31,"loc":{"start":{"line":31,"column":9},"end":{"line":31,"column":26}}}},"statementMap":{"1":{"start":{"line":3,"column":0},"end":{"line":3,"column":34}},"2":{"start":{"line":4,"column":0},"end":{"line":4,"column":38}},"3":{"start":{"line":5,"column":0},"end":{"line":5,"column":126}},"4":{"start":{"line":6,"column":0},"end":{"line":6,"column":59}},"5":{"start":{"line":7,"column":0},"end":{"line":7,"column":34}},"6":{"start":{"line":8,"column":0},"end":{"line":8,"column":18}},"7":{"start":{"line":10,"column":0},"end":{"line":10,"column":21}},"8":{"start":{"line":12,"column":0},"end":{"line":14,"column":1}},"9":{"start":{"line":13,"column":2},"end":{"line":13,"column":36}},"10":{"start":{"line":16,"column":0},"end":{"line":20,"column":1}},"11":{"start":{"line":17,"column":2},"end":{"line":19,"column":3}},"12":{"start":{"line":18,"column":4},"end":{"line":18,"column":42}},"13":{"start":{"line":22,"column":0},"end":{"line":28,"column":1}},"14":{"start":{"line":23,"column":2},"end":{"line":27,"column":3}},"15":{"start":{"line":24,"column":4},"end":{"line":24,"column":49}},"16":{"start":{"line":25,"column":4},"end":{"line":25,"column":48}},"17":{"start":{"line":26,"column":4},"end":{"line":26,"column":15}},"18":{"start":{"line":30,"column":0},"end":{"line":34,"column":1}},"19":{"start":{"line":31,"column":2},"end":{"line":33,"column":3}},"20":{"start":{"line":32,"column":4},"end":{"line":32,"column":70}}},"branchMap":{"1":{"line":32,"type":"binary-expr","locations":[{"start":{"line":32,"column":11},"end":{"line":32,"column":33}},{"start":{"line":32,"column":37},"end":{"line":32,"column":70}}]}}},"/container/workspace/repocitory-code/lib/util.js":{"path":"/container/workspace/repocitory-code/lib/util.js","s":{"1":1,"2":1,"3":11},"b":{},"f":{"1":11},"fnMap":{"1":{"name":"toUpercase","line":7,"loc":{"start":{"line":7,"column":0},"end":{"line":7,"column":29}}}},"statementMap":{"1":{"start":{"line":3,"column":0},"end":{"line":5,"column":1}},"2":{"start":{"line":7,"column":0},"end":{"line":9,"column":1}},"3":{"start":{"line":8,"column":2},"end":{"line":8,"column":57}}},"branchMap":{}},"/container/workspace/repocitory-code/lib/core.js":{"path":"/container/workspace/repocitory-code/lib/core.js","s":{"1":1,"2":71,"3":71},"b":{"1":[39,32],"2":[0,39],"3":[23,16],"4":[39,39],"5":[1,22],"6":[23,22],"7":[1,1],"8":[7,25],"9":[3,4]},"f":{"1":71},"fnMap":{"1":{"name":"type","line":3,"loc":{"start":{"line":3,"column":17},"end":{"line":3,"column":39}}}},"statementMap":{"1":{"start":{"line":3,"column":0},"end":{"line":8,"column":1}},"2":{"start":{"line":4,"column":2},"end":{"line":4,"column":7}},"3":{"start":{"line":5,"column":2},"end":{"line":7,"column":3}}},"branchMap":{"1":{"line":6,"type":"cond-expr","locations":[{"start":{"line":6,"column":38},"end":{"line":6,"column":355}},{"start":{"line":6,"column":358},"end":{"line":6,"column":436}}]},"2":{"line":6,"type":"cond-expr","locations":[{"start":{"line":6,"column":57},"end":{"line":6,"column":63}},{"start":{"line":6,"column":66},"end":{"line":6,"column":355}}]},"3":{"line":6,"type":"cond-expr","locations":[{"start":{"line":6,"column":155},"end":{"line":6,"column":295}},{"start":{"line":6,"column":298},"end":{"line":6,"column":355}}]},"4":{"line":6,"type":"binary-expr","locations":[{"start":{"line":6,"column":67},"end":{"line":6,"column":106}},{"start":{"line":6,"column":110},"end":{"line":6,"column":151}}]},"5":{"line":6,"type":"cond-expr","locations":[{"start":{"line":6,"column":187},"end":{"line":6,"column":291}},{"start":{"line":6,"column":294},"end":{"line":6,"column":295}}]},"6":{"line":6,"type":"binary-expr","locations":[{"start":{"line":6,"column":156},"end":{"line":6,"column":164}},{"start":{"line":6,"column":168},"end":{"line":6,"column":183}}]},"7":{"line":6,"type":"binary-expr","locations":[{"start":{"line":6,"column":187},"end":{"line":6,"column":276}},{"start":{"line":6,"column":280},"end":{"line":6,"column":291}}]},"8":{"line":6,"type":"cond-expr","locations":[{"start":{"line":6,"column":388},"end":{"line":6,"column":421}},{"start":{"line":6,"column":424},"end":{"line":6,"column":436}}]},"9":{"line":6,"type":"cond-expr","locations":[{"start":{"line":6,"column":405},"end":{"line":6,"column":410}},{"start":{"line":6,"column":413},"end":{"line":6,"column":421}}]}}}}