TN:
SF:/container/workspace/repocitory-code/index.js
FN:12,_extends
FN:16,_comparator
FN:17,(anonymous_3)
FN:22,createIsFunctions
FN:23,(anonymous_5)
FN:30,createIsArrow
FN:31,(anonymous_7)
FNF:7
FNH:7
FNDA:1,_extends
FNDA:11,_comparator
FNDA:45,(anonymous_3)
FNDA:1,createIsFunctions
FNDA:11,(anonymous_5)
FNDA:1,createIsArrow
FNDA:4,(anonymous_7)
DA:3,1
DA:4,1
DA:5,1
DA:6,1
DA:7,1
DA:8,1
DA:10,1
DA:12,1
DA:13,1
DA:16,1
DA:17,11
DA:18,45
DA:22,1
DA:23,1
DA:24,11
DA:25,11
DA:26,11
DA:30,1
DA:31,1
DA:32,4
LF:20
LH:20
BRDA:32,1,0,4
BRDA:32,1,1,2
BRF:2
BRH:2
end_of_record
TN:
SF:/container/workspace/repocitory-code/lib/util.js
FN:7,toUpercase
FNF:1
FNH:1
FNDA:11,toUpercase
DA:3,1
DA:7,1
DA:8,11
LF:3
LH:3
BRF:0
BRH:0
end_of_record
TN:
SF:/container/workspace/repocitory-code/lib/core.js
FN:3,type
FNF:1
FNH:1
FNDA:71,type
DA:3,1
DA:4,71
DA:5,71
LF:3
LH:3
BRDA:6,1,0,39
BRDA:6,1,1,32
BRDA:6,2,0,0
BRDA:6,2,1,39
BRDA:6,3,0,23
BRDA:6,3,1,16
BRDA:6,4,0,39
BRDA:6,4,1,39
BRDA:6,5,0,1
BRDA:6,5,1,22
BRDA:6,6,0,23
BRDA:6,6,1,22
BRDA:6,7,0,1
BRDA:6,7,1,1
BRDA:6,8,0,7
BRDA:6,8,1,25
BRDA:6,9,0,3
BRDA:6,9,1,4
BRF:18
BRH:17
end_of_record
